<?xml version="1.0" encoding="UTF-8"?>
<!-- Generated by org.testng.reporters.JUnitXMLReporter -->
<testsuite hostname="Khilt-7757" ignored="0" name="Regression Cases" tests="2" failures="2" timestamp="2021-06-20T18:51:01 PKT" time="172.266" errors="0">
  <testcase name="login_Full_Access" time="101.966" classname="org.systems.testExecution.mainRegressionExecution">
    <failure type="java.lang.AssertionError" message="An element could not be located on the page using the given search parameters.
For documentation on this error, please visit: https://www.seleniumhq.org/exceptions/no_such_element.html
Build info: version: &amp;apos;3.141.59&amp;apos;, revision: &amp;apos;e82be7d358&amp;apos;, time: &amp;apos;2018-11-14T08:17:03&amp;apos;
System info: host: &amp;apos;KHILT-7757&amp;apos;, ip: &amp;apos;192.168.8.114&amp;apos;, os.name: &amp;apos;Windows 10&amp;apos;, os.arch: &amp;apos;amd64&amp;apos;, os.version: &amp;apos;10.0&amp;apos;, java.version: &amp;apos;1.8.0_291&amp;apos;
Driver info: io.appium.java_client.AppiumDriver
Capabilities {appActivity: com.etisalat.etida.home.act..., appPackage: com.Etisalat.ETIDA, automationName: UIAutomator2, databaseEnabled: false, desired: {appActivity: com.etisalat.etida.home.act..., appPackage: com.Etisalat.ETIDA, automationName: UIAutomator2, noReset: false, platformName: android}, deviceApiLevel: 29, deviceManufacturer: samsung, deviceModel: SM-A125F, deviceName: R58NC2CR3JF, deviceScreenDensity: 300, deviceScreenSize: 720x1600, deviceUDID: R58NC2CR3JF, javascriptEnabled: true, locationContextEnabled: false, networkConnectionEnabled: true, noReset: false, pixelRatio: 1.875, platform: LINUX, platformName: android, platformVersion: 10, statBarHeight: 45, takesScreenshot: true, viewportRect: {height: 1420, left: 0, top: 45, width: 720}, warnings: {}, webStorageEnabled: false}
Session ID: dc2c9949-1480-4f94-820b-8c163d621e0d
*** Element info: {Using=-android uiautomator, value=text(&amp;quot;Cloe&amp;quot;)}">
      <![CDATA[java.lang.AssertionError: An element could not be located on the page using the given search parameters.
For documentation on this error, please visit: https://www.seleniumhq.org/exceptions/no_such_element.html
Build info: version: '3.141.59', revision: 'e82be7d358', time: '2018-11-14T08:17:03'
System info: host: 'KHILT-7757', ip: '192.168.8.114', os.name: 'Windows 10', os.arch: 'amd64', os.version: '10.0', java.version: '1.8.0_291'
Driver info: io.appium.java_client.AppiumDriver
Capabilities {appActivity: com.etisalat.etida.home.act..., appPackage: com.Etisalat.ETIDA, automationName: UIAutomator2, databaseEnabled: false, desired: {appActivity: com.etisalat.etida.home.act..., appPackage: com.Etisalat.ETIDA, automationName: UIAutomator2, noReset: false, platformName: android}, deviceApiLevel: 29, deviceManufacturer: samsung, deviceModel: SM-A125F, deviceName: R58NC2CR3JF, deviceScreenDensity: 300, deviceScreenSize: 720x1600, deviceUDID: R58NC2CR3JF, javascriptEnabled: true, locationContextEnabled: false, networkConnectionEnabled: true, noReset: false, pixelRatio: 1.875, platform: LINUX, platformName: android, platformVersion: 10, statBarHeight: 45, takesScreenshot: true, viewportRect: {height: 1420, left: 0, top: 45, width: 720}, warnings: {}, webStorageEnabled: false}
Session ID: dc2c9949-1480-4f94-820b-8c163d621e0d
*** Element info: {Using=-android uiautomator, value=text("Cloe")}
at org.systems.businessLayer.implementation.login_App_FullAccess(implementation.java:55)
at org.systems.testExecution.mainRegressionExecution.login_Full_Access(mainRegressionExecution.java:35)
at java.util.ArrayList.forEach(ArrayList.java:1259)
... Removed 32 stack frames]]>
    </failure>
  </testcase> <!-- login_Full_Access -->
  <testcase name="navigate_Support" time="70.126" classname="org.systems.testExecution.mainRegressionExecution">
    <failure type="java.lang.AssertionError" message="An element could not be located on the page using the given search parameters.
For documentation on this error, please visit: https://www.seleniumhq.org/exceptions/no_such_element.html
Build info: version: &amp;apos;3.141.59&amp;apos;, revision: &amp;apos;e82be7d358&amp;apos;, time: &amp;apos;2018-11-14T08:17:03&amp;apos;
System info: host: &amp;apos;KHILT-7757&amp;apos;, ip: &amp;apos;192.168.8.114&amp;apos;, os.name: &amp;apos;Windows 10&amp;apos;, os.arch: &amp;apos;amd64&amp;apos;, os.version: &amp;apos;10.0&amp;apos;, java.version: &amp;apos;1.8.0_291&amp;apos;
Driver info: io.appium.java_client.AppiumDriver
Capabilities {appActivity: com.etisalat.etida.home.act..., appPackage: com.Etisalat.ETIDA, automationName: UIAutomator2, databaseEnabled: false, desired: {appActivity: com.etisalat.etida.home.act..., appPackage: com.Etisalat.ETIDA, automationName: UIAutomator2, noReset: false, platformName: android}, deviceApiLevel: 29, deviceManufacturer: samsung, deviceModel: SM-A125F, deviceName: R58NC2CR3JF, deviceScreenDensity: 300, deviceScreenSize: 720x1600, deviceUDID: R58NC2CR3JF, javascriptEnabled: true, locationContextEnabled: false, networkConnectionEnabled: true, noReset: false, pixelRatio: 1.875, platform: LINUX, platformName: android, platformVersion: 10, statBarHeight: 45, takesScreenshot: true, viewportRect: {height: 1420, left: 0, top: 45, width: 720}, warnings: {}, webStorageEnabled: false}
Session ID: dc2c9949-1480-4f94-820b-8c163d621e0d
*** Element info: {Using=-android uiautomator, value=text(&amp;quot;Support&amp;quot;)}">
      <![CDATA[java.lang.AssertionError: An element could not be located on the page using the given search parameters.
For documentation on this error, please visit: https://www.seleniumhq.org/exceptions/no_such_element.html
Build info: version: '3.141.59', revision: 'e82be7d358', time: '2018-11-14T08:17:03'
System info: host: 'KHILT-7757', ip: '192.168.8.114', os.name: 'Windows 10', os.arch: 'amd64', os.version: '10.0', java.version: '1.8.0_291'
Driver info: io.appium.java_client.AppiumDriver
Capabilities {appActivity: com.etisalat.etida.home.act..., appPackage: com.Etisalat.ETIDA, automationName: UIAutomator2, databaseEnabled: false, desired: {appActivity: com.etisalat.etida.home.act..., appPackage: com.Etisalat.ETIDA, automationName: UIAutomator2, noReset: false, platformName: android}, deviceApiLevel: 29, deviceManufacturer: samsung, deviceModel: SM-A125F, deviceName: R58NC2CR3JF, deviceScreenDensity: 300, deviceScreenSize: 720x1600, deviceUDID: R58NC2CR3JF, javascriptEnabled: true, locationContextEnabled: false, networkConnectionEnabled: true, noReset: false, pixelRatio: 1.875, platform: LINUX, platformName: android, platformVersion: 10, statBarHeight: 45, takesScreenshot: true, viewportRect: {height: 1420, left: 0, top: 45, width: 720}, warnings: {}, webStorageEnabled: false}
Session ID: dc2c9949-1480-4f94-820b-8c163d621e0d
*** Element info: {Using=-android uiautomator, value=text("Support")}
at org.systems.businessLayer.implementation.navigate_SupportPage(implementation.java:67)
at org.systems.testExecution.mainRegressionExecution.navigate_Support(mainRegressionExecution.java:48)
at java.util.ArrayList.forEach(ArrayList.java:1259)
... Removed 32 stack frames]]>
    </failure>
  </testcase> <!-- navigate_Support -->
</testsuite> <!-- Regression Cases -->
