<?xml version="1.0" encoding="UTF-8"?>
<testsuite xmlns:xsi="http://www.w3.org/2001/XMLSchema-instance" xsi:noNamespaceSchemaLocation="https://maven.apache.org/surefire/maven-surefire-plugin/xsd/surefire-test-report.xsd" name="TestSuite" time="191.642" tests="2" errors="0" skipped="0" failures="2">
  <properties>
[...]
</properties>
  <testcase name="login_Full_Access" classname="org.systems.testExecution.mainRegressionExecution" time="102.077">
    <failure message="An element could not be located on the page using the given search parameters.&#10;For documentation on this error, please visit: https://www.seleniumhq.org/exceptions/no_such_element.html&#10;Build info: version: &apos;3.141.59&apos;, revision: &apos;e82be7d358&apos;, time: &apos;2018-11-14T08:17:03&apos;&#10;System info: host: &apos;KHILT-7757&apos;, ip: &apos;192.168.8.114&apos;, os.name: &apos;Windows 10&apos;, os.arch: &apos;amd64&apos;, os.version: &apos;10.0&apos;, java.version: &apos;1.8.0_291&apos;&#10;Driver info: io.appium.java_client.AppiumDriver&#10;Capabilities {appActivity: com.etisalat.etida.home.act..., appPackage: com.Etisalat.ETIDA, automationName: UIAutomator2, databaseEnabled: false, desired: {appActivity: com.etisalat.etida.home.act..., appPackage: com.Etisalat.ETIDA, automationName: UIAutomator2, noReset: false, platformName: android}, deviceApiLevel: 29, deviceManufacturer: samsung, deviceModel: SM-A125F, deviceName: R58NC2CR3JF, deviceScreenDensity: 300, deviceScreenSize: 720x1600, deviceUDID: R58NC2CR3JF, javascriptEnabled: true, locationContextEnabled: false, networkConnectionEnabled: true, noReset: false, pixelRatio: 1.875, platform: LINUX, platformName: android, platformVersion: 10, statBarHeight: 45, takesScreenshot: true, viewportRect: {height: 1420, left: 0, top: 45, width: 720}, warnings: {}, webStorageEnabled: false}&#10;Session ID: dc2c9949-1480-4f94-820b-8c163d621e0d&#10;*** Element info: {Using=-android uiautomator, value=text(&quot;Cloe&quot;)}" type="java.lang.AssertionError">java.lang.AssertionError: 
An element could not be located on the page using the given search parameters.
For documentation on this error, please visit: https://www.seleniumhq.org/exceptions/no_such_element.html
Build info: version: '3.141.59', revision: 'e82be7d358', time: '2018-11-14T08:17:03'
System info: host: 'KHILT-7757', ip: '192.168.8.114', os.name: 'Windows 10', os.arch: 'amd64', os.version: '10.0', java.version: '1.8.0_291'
Driver info: io.appium.java_client.AppiumDriver
Capabilities {appActivity: com.etisalat.etida.home.act..., appPackage: com.Etisalat.ETIDA, automationName: UIAutomator2, databaseEnabled: false, desired: {appActivity: com.etisalat.etida.home.act..., appPackage: com.Etisalat.ETIDA, automationName: UIAutomator2, noReset: false, platformName: android}, deviceApiLevel: 29, deviceManufacturer: samsung, deviceModel: SM-A125F, deviceName: R58NC2CR3JF, deviceScreenDensity: 300, deviceScreenSize: 720x1600, deviceUDID: R58NC2CR3JF, javascriptEnabled: true, locationContextEnabled: false, networkConnectionEnabled: true, noReset: false, pixelRatio: 1.875, platform: LINUX, platformName: android, platformVersion: 10, statBarHeight: 45, takesScreenshot: true, viewportRect: {height: 1420, left: 0, top: 45, width: 720}, warnings: {}, webStorageEnabled: false}
Session ID: dc2c9949-1480-4f94-820b-8c163d621e0d
*** Element info: {Using=-android uiautomator, value=text("Cloe")}
	at org.systems.testExecution.mainRegressionExecution.login_Full_Access(mainRegressionExecution.java:35)
</failure>
    <system-out><![CDATA[I am in onStart method Regression Cases
I am in onTestStart method login_Full_Access start
2021-06-20 18:48:10 [main] INFO  org.systems.businessLayer.implementation - click on skip button
2021-06-20 18:48:11 [main] INFO  org.systems.businessLayer.implementation - click on full access button
2021-06-20 18:48:14 [main] INFO  org.systems.businessLayer.implementation - Enter Username in field
2021-06-20 18:48:16 [main] INFO  org.systems.businessLayer.implementation - Enter Password in field
2021-06-20 18:48:16 [main] INFO  org.systems.businessLayer.implementation - clicked on login button
2021-06-20 18:48:39 [main] INFO  org.systems.businessLayer.implementation - clicked on not now button
2021-06-20 18:48:40 [main] INFO  org.systems.businessLayer.implementation - clicked on no code button
2021-06-20 18:49:51 [main] INFO  org.systems.businessLayer.implementation - Method: login_App_FullAccess Full Access Login failed in implementation class An element could not be located on the page using the given search parameters.
For documentation on this error, please visit: https://www.seleniumhq.org/exceptions/no_such_element.html
Build info: version: '3.141.59', revision: 'e82be7d358', time: '2018-11-14T08:17:03'
System info: host: 'KHILT-7757', ip: '192.168.8.114', os.name: 'Windows 10', os.arch: 'amd64', os.version: '10.0', java.version: '1.8.0_291'
Driver info: io.appium.java_client.AppiumDriver
Capabilities {appActivity: com.etisalat.etida.home.act..., appPackage: com.Etisalat.ETIDA, automationName: UIAutomator2, databaseEnabled: false, desired: {appActivity: com.etisalat.etida.home.act..., appPackage: com.Etisalat.ETIDA, automationName: UIAutomator2, noReset: false, platformName: android}, deviceApiLevel: 29, deviceManufacturer: samsung, deviceModel: SM-A125F, deviceName: R58NC2CR3JF, deviceScreenDensity: 300, deviceScreenSize: 720x1600, deviceUDID: R58NC2CR3JF, javascriptEnabled: true, locationContextEnabled: false, networkConnectionEnabled: true, noReset: false, pixelRatio: 1.875, platform: LINUX, platformName: android, platformVersion: 10, statBarHeight: 45, takesScreenshot: true, viewportRect: {height: 1420, left: 0, top: 45, width: 720}, warnings: {}, webStorageEnabled: false}
Session ID: dc2c9949-1480-4f94-820b-8c163d621e0d
*** Element info: {Using=-android uiautomator, value=text("Cloe")}
I am in onTestFailure method login_Full_Access failed
]]></system-out>
    <system-err><![CDATA[SLF4J: Failed to load class "org.slf4j.impl.StaticLoggerBinder".
SLF4J: Defaulting to no-operation (NOP) logger implementation
SLF4J: See http://www.slf4j.org/codes.html#StaticLoggerBinder for further details.
Jun 20, 2021 6:48:04 PM io.appium.java_client.remote.AppiumCommandExecutor$1 lambda$0
INFO: Detected dialect: W3C
]]></system-err>
  </testcase>
  <testcase name="navigate_Support" classname="org.systems.testExecution.mainRegressionExecution" time="70.174">
    <failure message="An element could not be located on the page using the given search parameters.&#10;For documentation on this error, please visit: https://www.seleniumhq.org/exceptions/no_such_element.html&#10;Build info: version: &apos;3.141.59&apos;, revision: &apos;e82be7d358&apos;, time: &apos;2018-11-14T08:17:03&apos;&#10;System info: host: &apos;KHILT-7757&apos;, ip: &apos;192.168.8.114&apos;, os.name: &apos;Windows 10&apos;, os.arch: &apos;amd64&apos;, os.version: &apos;10.0&apos;, java.version: &apos;1.8.0_291&apos;&#10;Driver info: io.appium.java_client.AppiumDriver&#10;Capabilities {appActivity: com.etisalat.etida.home.act..., appPackage: com.Etisalat.ETIDA, automationName: UIAutomator2, databaseEnabled: false, desired: {appActivity: com.etisalat.etida.home.act..., appPackage: com.Etisalat.ETIDA, automationName: UIAutomator2, noReset: false, platformName: android}, deviceApiLevel: 29, deviceManufacturer: samsung, deviceModel: SM-A125F, deviceName: R58NC2CR3JF, deviceScreenDensity: 300, deviceScreenSize: 720x1600, deviceUDID: R58NC2CR3JF, javascriptEnabled: true, locationContextEnabled: false, networkConnectionEnabled: true, noReset: false, pixelRatio: 1.875, platform: LINUX, platformName: android, platformVersion: 10, statBarHeight: 45, takesScreenshot: true, viewportRect: {height: 1420, left: 0, top: 45, width: 720}, warnings: {}, webStorageEnabled: false}&#10;Session ID: dc2c9949-1480-4f94-820b-8c163d621e0d&#10;*** Element info: {Using=-android uiautomator, value=text(&quot;Support&quot;)}" type="java.lang.AssertionError">java.lang.AssertionError: 
An element could not be located on the page using the given search parameters.
For documentation on this error, please visit: https://www.seleniumhq.org/exceptions/no_such_element.html
Build info: version: '3.141.59', revision: 'e82be7d358', time: '2018-11-14T08:17:03'
System info: host: 'KHILT-7757', ip: '192.168.8.114', os.name: 'Windows 10', os.arch: 'amd64', os.version: '10.0', java.version: '1.8.0_291'
Driver info: io.appium.java_client.AppiumDriver
Capabilities {appActivity: com.etisalat.etida.home.act..., appPackage: com.Etisalat.ETIDA, automationName: UIAutomator2, databaseEnabled: false, desired: {appActivity: com.etisalat.etida.home.act..., appPackage: com.Etisalat.ETIDA, automationName: UIAutomator2, noReset: false, platformName: android}, deviceApiLevel: 29, deviceManufacturer: samsung, deviceModel: SM-A125F, deviceName: R58NC2CR3JF, deviceScreenDensity: 300, deviceScreenSize: 720x1600, deviceUDID: R58NC2CR3JF, javascriptEnabled: true, locationContextEnabled: false, networkConnectionEnabled: true, noReset: false, pixelRatio: 1.875, platform: LINUX, platformName: android, platformVersion: 10, statBarHeight: 45, takesScreenshot: true, viewportRect: {height: 1420, left: 0, top: 45, width: 720}, warnings: {}, webStorageEnabled: false}
Session ID: dc2c9949-1480-4f94-820b-8c163d621e0d
*** Element info: {Using=-android uiautomator, value=text("Support")}
	at org.systems.testExecution.mainRegressionExecution.navigate_Support(mainRegressionExecution.java:48)
</failure>
    <system-out><![CDATA[I am in onTestStart method navigate_Support start
2021-06-20 18:51:01 [main] INFO  org.systems.businessLayer.implementation - Method: navigate_SupportPage Support page navaigation issue in implementation class An element could not be located on the page using the given search parameters.
For documentation on this error, please visit: https://www.seleniumhq.org/exceptions/no_such_element.html
Build info: version: '3.141.59', revision: 'e82be7d358', time: '2018-11-14T08:17:03'
System info: host: 'KHILT-7757', ip: '192.168.8.114', os.name: 'Windows 10', os.arch: 'amd64', os.version: '10.0', java.version: '1.8.0_291'
Driver info: io.appium.java_client.AppiumDriver
Capabilities {appActivity: com.etisalat.etida.home.act..., appPackage: com.Etisalat.ETIDA, automationName: UIAutomator2, databaseEnabled: false, desired: {appActivity: com.etisalat.etida.home.act..., appPackage: com.Etisalat.ETIDA, automationName: UIAutomator2, noReset: false, platformName: android}, deviceApiLevel: 29, deviceManufacturer: samsung, deviceModel: SM-A125F, deviceName: R58NC2CR3JF, deviceScreenDensity: 300, deviceScreenSize: 720x1600, deviceUDID: R58NC2CR3JF, javascriptEnabled: true, locationContextEnabled: false, networkConnectionEnabled: true, noReset: false, pixelRatio: 1.875, platform: LINUX, platformName: android, platformVersion: 10, statBarHeight: 45, takesScreenshot: true, viewportRect: {height: 1420, left: 0, top: 45, width: 720}, warnings: {}, webStorageEnabled: false}
Session ID: dc2c9949-1480-4f94-820b-8c163d621e0d
*** Element info: {Using=-android uiautomator, value=text("Support")}
I am in onTestFailure method navigate_Support failed
]]></system-out>
  </testcase>
</testsuite>